[2018-09-16 13:47:20] mail.INFO: Сообщение пользователю 'Rick Smith' отправлено в мессенджер Telegram [] []
[2018-09-16 13:47:20] mail.INFO: Сообщение пользователю 'Morty Smith' отправлено в мессенджер Telegram [] []
[2018-09-16 13:47:20] mail.INFO: Сообщение пользователю 'Donald Trump' отправлено в мессенджер Telegram [] []
[2018-09-16 13:47:20] mail.INFO: Сообщение пользователю 'Kim Chen Yr' отправлено в мессенджер Telegram [] []
[2018-09-16 13:47:20] mail.INFO: Сообщение пользователю 'John Doe' отправлено в мессенджер Viber [] []
[2018-09-16 13:47:20] mail.INFO: Сообщение пользователю 'Vladimir Putin' отправлено в мессенджер Viber [] []
[2018-09-16 13:47:20] mail.INFO: Сообщение пользователю 'Bill Gates' отправлено в мессенджер Viber [] []
[2018-09-16 13:48:19] mail.INFO: Сообщение пользователю 'Rick Smith' отправлено в мессенджер Telegram [] []
[2018-09-16 13:48:19] mail.INFO: Сообщение пользователю 'Morty Smith' отправлено в мессенджер Telegram [] []
[2018-09-16 13:48:19] mail.INFO: Сообщение пользователю 'Donald Trump' отправлено в мессенджер Telegram [] []
[2018-09-16 13:48:19] mail.INFO: Сообщение пользователю 'Kim Chen Yr' отправлено в мессенджер Telegram [] []
[2018-09-16 13:48:19] mail.INFO: Сообщение пользователю 'John Doe' отправлено в мессенджер Viber [] []
[2018-09-16 13:48:19] mail.INFO: Сообщение пользователю 'Vladimir Putin' отправлено в мессенджер Viber [] []
[2018-09-16 13:48:19] mail.INFO: Сообщение пользователю 'Bill Gates' отправлено в мессенджер Viber [] []
[2018-09-16 13:49:06] mail.INFO: Сообщение пользователю 'Rick Smith' отправлено в мессенджер Telegram [] []
[2018-09-16 13:49:06] mail.INFO: Сообщение пользователю 'Morty Smith' отправлено в мессенджер Telegram [] []
[2018-09-16 13:49:06] mail.INFO: Сообщение пользователю 'Donald Trump' отправлено в мессенджер Telegram [] []
[2018-09-16 13:49:06] mail.INFO: Сообщение пользователю 'Kim Chen Yr' отправлено в мессенджер Telegram [] []
[2018-09-16 13:49:06] mail.INFO: Сообщение пользователю 'John Doe' отправлено в мессенджер Viber [] []
[2018-09-16 13:49:06] mail.INFO: Сообщение пользователю 'Vladimir Putin' отправлено в мессенджер Viber [] []
[2018-09-16 13:49:06] mail.INFO: Сообщение пользователю 'Bill Gates' отправлено в мессенджер Viber [] []
